2014-06-30 01:31:18,944 INFO  Starting application..  [MainApp]
2014-06-30 01:31:21,157 INFO  Application Started  [MainApp]
2014-06-30 01:31:41,508 INFO  Download and parse: 10746 ms - 'http://www.metronews.fr/conso/soldes-d-ete-2014-10-pieces-femme-a-s-offrir-d-urgence-chez-zara/mnfz!vD1qVKnYKBVTk/'  [MainFrame]
2014-06-30 01:31:41,542 DEBUG onReceiveExtractionRequest  [WebBrowser]
2014-06-30 01:31:41,558 DEBUG onReceiveExtractionRequest  [WebBrowser]
2014-06-30 01:31:41,558 DEBUG onReceiveExtractionRequest  [WebBrowser]
2014-06-30 01:31:41,559 DEBUG onReceiveExtractionRequest  [WebBrowser]
2014-06-30 01:31:41,559 DEBUG onReceiveExtractionRequest  [WebBrowser]
2014-06-30 01:31:41,559 DEBUG onReceiveExtractionRequest  [WebBrowser]
2014-06-30 01:31:41,597 INFO  cleanUselessContent - 18 ms: http://www.metronews.fr/conso/soldes-d-ete-2014-10-pieces-femme-a-s-offrir-d-urgence-chez-zara/mnfz!vD1qVKnYKBVTk/  [MainFrame]
2014-06-30 01:31:41,709 INFO  removeBoilerplate - 113 ms: http://www.metronews.fr/conso/soldes-d-ete-2014-10-pieces-femme-a-s-offrir-d-urgence-chez-zara/mnfz!vD1qVKnYKBVTk/  [MainFrame]
2014-06-30 01:31:41,712 INFO  removeBoilerplate LangAware - 139 ms: http://www.metronews.fr/conso/soldes-d-ete-2014-10-pieces-femme-a-s-offrir-d-urgence-chez-zara/mnfz!vD1qVKnYKBVTk/  [MainFrame]
2014-06-30 01:31:41,754 INFO  decorateBoilerplate - 178 ms: http://www.metronews.fr/conso/soldes-d-ete-2014-10-pieces-femme-a-s-offrir-d-urgence-chez-zara/mnfz!vD1qVKnYKBVTk/  [MainFrame]
2014-06-30 01:31:41,775 INFO  decorateBoilerplate LangAware - 189 ms: http://www.metronews.fr/conso/soldes-d-ete-2014-10-pieces-femme-a-s-offrir-d-urgence-chez-zara/mnfz!vD1qVKnYKBVTk/  [MainFrame]
2014-06-30 01:32:10,628 INFO  Download and parse: 5205 ms - 'http://vnexpress.net/'  [MainFrame]
2014-06-30 01:32:10,662 DEBUG onReceiveExtractionRequest  [WebBrowser]
2014-06-30 01:32:10,662 DEBUG onReceiveExtractionRequest  [WebBrowser]
2014-06-30 01:32:10,662 DEBUG onReceiveExtractionRequest  [WebBrowser]
2014-06-30 01:32:10,674 DEBUG onReceiveExtractionRequest  [WebBrowser]
2014-06-30 01:32:10,708 DEBUG onReceiveExtractionRequest  [WebBrowser]
2014-06-30 01:32:10,709 DEBUG onReceiveExtractionRequest  [WebBrowser]
2014-06-30 01:32:10,768 INFO  removeBoilerplate LangAware - 80 ms: http://vnexpress.net/  [MainFrame]
2014-06-30 01:32:10,771 INFO  cleanUselessContent - 34 ms: http://vnexpress.net/  [MainFrame]
2014-06-30 01:32:10,786 INFO  decorateBoilerplate - 112 ms: http://vnexpress.net/  [MainFrame]
2014-06-30 01:32:10,793 INFO  removeBoilerplate - 82 ms: http://vnexpress.net/  [MainFrame]
2014-06-30 01:32:10,844 INFO  decorateBoilerplate LangAware - 133 ms: http://vnexpress.net/  [MainFrame]
2014-06-30 01:33:55,277 DEBUG Apply clicked  [ConfigPanel]
2014-06-30 01:33:55,280 DEBUG onConfigurationChanged  [MainFrame]
2014-06-30 01:33:57,551 INFO  Download and parse: 2270 ms - 'http://vnexpress.net/'  [MainFrame]
2014-06-30 01:33:57,584 DEBUG onReceiveExtractionRequest  [WebBrowser]
2014-06-30 01:33:57,584 DEBUG onReceiveExtractionRequest  [WebBrowser]
2014-06-30 01:33:57,584 DEBUG onReceiveExtractionRequest  [WebBrowser]
2014-06-30 01:33:57,585 DEBUG onReceiveExtractionRequest  [WebBrowser]
2014-06-30 01:33:57,585 DEBUG onReceiveExtractionRequest  [WebBrowser]
2014-06-30 01:33:57,585 DEBUG onReceiveExtractionRequest  [WebBrowser]
2014-06-30 01:33:57,615 INFO  cleanUselessContent - 7 ms: http://vnexpress.net/  [MainFrame]
2014-06-30 01:33:57,665 INFO  removeBoilerplate LangAware - 79 ms: http://vnexpress.net/  [MainFrame]
2014-06-30 01:33:57,694 INFO  removeBoilerplate - 64 ms: http://vnexpress.net/  [MainFrame]
2014-06-30 01:33:57,704 INFO  decorateBoilerplate - 118 ms: http://vnexpress.net/  [MainFrame]
2014-06-30 01:33:57,707 INFO  decorateBoilerplate LangAware - 119 ms: http://vnexpress.net/  [MainFrame]
2014-06-30 01:35:28,964 DEBUG Apply clicked  [ConfigPanel]
2014-06-30 01:35:28,965 DEBUG onConfigurationChanged  [MainFrame]
2014-06-30 01:35:31,084 INFO  Download and parse: 2119 ms - 'http://vnexpress.net/'  [MainFrame]
2014-06-30 01:35:31,118 DEBUG onReceiveExtractionRequest  [WebBrowser]
2014-06-30 01:35:31,118 DEBUG onReceiveExtractionRequest  [WebBrowser]
2014-06-30 01:35:31,118 DEBUG onReceiveExtractionRequest  [WebBrowser]
2014-06-30 01:35:31,118 DEBUG onReceiveExtractionRequest  [WebBrowser]
2014-06-30 01:35:31,119 DEBUG onReceiveExtractionRequest  [WebBrowser]
2014-06-30 01:35:31,119 DEBUG onReceiveExtractionRequest  [WebBrowser]
2014-06-30 01:35:31,153 INFO  removeBoilerplate LangAware - 32 ms: http://vnexpress.net/  [MainFrame]
2014-06-30 01:35:31,154 INFO  cleanUselessContent - 32 ms: http://vnexpress.net/  [MainFrame]
2014-06-30 01:35:31,165 INFO  decorateBoilerplate LangAware - 45 ms: http://vnexpress.net/  [MainFrame]
2014-06-30 01:35:31,184 INFO  decorateBoilerplate - 64 ms: http://vnexpress.net/  [MainFrame]
2014-06-30 01:35:31,192 INFO  removeBoilerplate - 71 ms: http://vnexpress.net/  [MainFrame]
2014-06-30 01:35:47,524 DEBUG Apply clicked  [ConfigPanel]
2014-06-30 01:35:47,525 DEBUG onConfigurationChanged  [MainFrame]
2014-06-30 01:35:49,630 INFO  Download and parse: 2104 ms - 'http://vnexpress.net/'  [MainFrame]
2014-06-30 01:35:49,663 DEBUG onReceiveExtractionRequest  [WebBrowser]
2014-06-30 01:35:49,664 DEBUG onReceiveExtractionRequest  [WebBrowser]
2014-06-30 01:35:49,664 DEBUG onReceiveExtractionRequest  [WebBrowser]
2014-06-30 01:35:49,664 DEBUG onReceiveExtractionRequest  [WebBrowser]
2014-06-30 01:35:49,667 DEBUG onReceiveExtractionRequest  [WebBrowser]
2014-06-30 01:35:49,703 INFO  decorateBoilerplate - 37 ms: http://vnexpress.net/  [MainFrame]
2014-06-30 01:35:49,706 INFO  decorateBoilerplate LangAware - 37 ms: http://vnexpress.net/  [MainFrame]
2014-06-30 01:35:49,707 DEBUG onReceiveExtractionRequest  [WebBrowser]
2014-06-30 01:35:49,734 INFO  cleanUselessContent - 5 ms: http://vnexpress.net/  [MainFrame]
2014-06-30 01:35:49,742 INFO  removeBoilerplate LangAware - 77 ms: http://vnexpress.net/  [MainFrame]
2014-06-30 01:35:49,751 INFO  removeBoilerplate - 24 ms: http://vnexpress.net/  [MainFrame]
2014-06-30 01:36:11,282 INFO  Download and parse: 1814 ms - 'http://dulich.vnexpress.net/tin-tuc/cong-dong/tu-van/5-cach-giet-thoi-gian-o-phong-cho-san-bay-3010155.html'  [MainFrame]
2014-06-30 01:36:11,315 DEBUG onReceiveExtractionRequest  [WebBrowser]
2014-06-30 01:36:11,317 DEBUG onReceiveExtractionRequest  [WebBrowser]
2014-06-30 01:36:11,318 DEBUG onReceiveExtractionRequest  [WebBrowser]
2014-06-30 01:36:11,318 DEBUG onReceiveExtractionRequest  [WebBrowser]
2014-06-30 01:36:11,318 DEBUG onReceiveExtractionRequest  [WebBrowser]
2014-06-30 01:36:11,319 DEBUG onReceiveExtractionRequest  [WebBrowser]
2014-06-30 01:36:11,341 INFO  cleanUselessContent - 20 ms: http://dulich.vnexpress.net/tin-tuc/cong-dong/tu-van/5-cach-giet-thoi-gian-o-phong-cho-san-bay-3010155.html  [MainFrame]
2014-06-30 01:36:11,345 INFO  removeBoilerplate LangAware - 26 ms: http://dulich.vnexpress.net/tin-tuc/cong-dong/tu-van/5-cach-giet-thoi-gian-o-phong-cho-san-bay-3010155.html  [MainFrame]
2014-06-30 01:36:11,349 INFO  removeBoilerplate - 29 ms: http://dulich.vnexpress.net/tin-tuc/cong-dong/tu-van/5-cach-giet-thoi-gian-o-phong-cho-san-bay-3010155.html  [MainFrame]
2014-06-30 01:36:11,360 INFO  decorateBoilerplate LangAware - 41 ms: http://dulich.vnexpress.net/tin-tuc/cong-dong/tu-van/5-cach-giet-thoi-gian-o-phong-cho-san-bay-3010155.html  [MainFrame]
2014-06-30 01:36:11,376 INFO  decorateBoilerplate - 57 ms: http://dulich.vnexpress.net/tin-tuc/cong-dong/tu-van/5-cach-giet-thoi-gian-o-phong-cho-san-bay-3010155.html  [MainFrame]
2014-06-30 01:38:56,235 DEBUG Apply clicked  [ConfigPanel]
2014-06-30 01:38:56,236 DEBUG onConfigurationChanged  [MainFrame]
2014-06-30 01:38:58,026 INFO  Download and parse: 1789 ms - 'http://dulich.vnexpress.net/tin-tuc/cong-dong/tu-van/5-cach-giet-thoi-gian-o-phong-cho-san-bay-3010155.html'  [MainFrame]
2014-06-30 01:38:58,060 DEBUG onReceiveExtractionRequest  [WebBrowser]
2014-06-30 01:38:58,060 DEBUG onReceiveExtractionRequest  [WebBrowser]
2014-06-30 01:38:58,060 DEBUG onReceiveExtractionRequest  [WebBrowser]
2014-06-30 01:38:58,061 DEBUG onReceiveExtractionRequest  [WebBrowser]
2014-06-30 01:38:58,071 INFO  removeBoilerplate LangAware - 8 ms: http://dulich.vnexpress.net/tin-tuc/cong-dong/tu-van/5-cach-giet-thoi-gian-o-phong-cho-san-bay-3010155.html  [MainFrame]
2014-06-30 01:38:58,071 DEBUG onReceiveExtractionRequest  [WebBrowser]
2014-06-30 01:38:58,072 DEBUG onReceiveExtractionRequest  [WebBrowser]
2014-06-30 01:38:58,086 INFO  decorateBoilerplate - 25 ms: http://dulich.vnexpress.net/tin-tuc/cong-dong/tu-van/5-cach-giet-thoi-gian-o-phong-cho-san-bay-3010155.html  [MainFrame]
2014-06-30 01:38:58,096 INFO  removeBoilerplate - 7 ms: http://dulich.vnexpress.net/tin-tuc/cong-dong/tu-van/5-cach-giet-thoi-gian-o-phong-cho-san-bay-3010155.html  [MainFrame]
2014-06-30 01:38:58,099 INFO  cleanUselessContent - 1 ms: http://dulich.vnexpress.net/tin-tuc/cong-dong/tu-van/5-cach-giet-thoi-gian-o-phong-cho-san-bay-3010155.html  [MainFrame]
2014-06-30 01:38:58,120 INFO  decorateBoilerplate LangAware - 38 ms: http://dulich.vnexpress.net/tin-tuc/cong-dong/tu-van/5-cach-giet-thoi-gian-o-phong-cho-san-bay-3010155.html  [MainFrame]
2014-06-30 01:39:23,788 INFO  Download and parse: 2217 ms - 'http://vnexpress.net/'  [MainFrame]
2014-06-30 01:39:23,821 DEBUG onReceiveExtractionRequest  [WebBrowser]
2014-06-30 01:39:23,821 DEBUG onReceiveExtractionRequest  [WebBrowser]
2014-06-30 01:39:23,821 DEBUG onReceiveExtractionRequest  [WebBrowser]
2014-06-30 01:39:23,821 DEBUG onReceiveExtractionRequest  [WebBrowser]
2014-06-30 01:39:23,822 DEBUG onReceiveExtractionRequest  [WebBrowser]
2014-06-30 01:39:23,823 DEBUG onReceiveExtractionRequest  [WebBrowser]
2014-06-30 01:39:23,833 INFO  removeBoilerplate LangAware - 9 ms: http://vnexpress.net/  [MainFrame]
2014-06-30 01:39:23,834 INFO  removeBoilerplate - 8 ms: http://vnexpress.net/  [MainFrame]
2014-06-30 01:39:23,839 INFO  cleanUselessContent - 1 ms: http://vnexpress.net/  [MainFrame]
2014-06-30 01:39:23,843 INFO  decorateBoilerplate - 20 ms: http://vnexpress.net/  [MainFrame]
2014-06-30 01:39:23,847 INFO  decorateBoilerplate LangAware - 24 ms: http://vnexpress.net/  [MainFrame]
2014-06-30 01:40:40,546 DEBUG Apply clicked  [ConfigPanel]
2014-06-30 01:40:40,547 DEBUG onConfigurationChanged  [MainFrame]
2014-06-30 01:40:42,834 INFO  Download and parse: 2286 ms - 'http://vnexpress.net/'  [MainFrame]
2014-06-30 01:40:42,867 DEBUG onReceiveExtractionRequest  [WebBrowser]
2014-06-30 01:40:42,867 DEBUG onReceiveExtractionRequest  [WebBrowser]
2014-06-30 01:40:42,867 DEBUG onReceiveExtractionRequest  [WebBrowser]
2014-06-30 01:40:42,867 DEBUG onReceiveExtractionRequest  [WebBrowser]
2014-06-30 01:40:42,870 DEBUG onReceiveExtractionRequest  [WebBrowser]
2014-06-30 01:40:42,870 DEBUG onReceiveExtractionRequest  [WebBrowser]
2014-06-30 01:40:42,877 INFO  removeBoilerplate LangAware - 7 ms: http://vnexpress.net/  [MainFrame]
2014-06-30 01:40:42,879 INFO  removeBoilerplate - 7 ms: http://vnexpress.net/  [MainFrame]
2014-06-30 01:40:42,881 INFO  cleanUselessContent - 2 ms: http://vnexpress.net/  [MainFrame]
2014-06-30 01:40:42,892 INFO  decorateBoilerplate LangAware - 20 ms: http://vnexpress.net/  [MainFrame]
2014-06-30 01:40:42,895 INFO  decorateBoilerplate - 26 ms: http://vnexpress.net/  [MainFrame]
2014-06-30 03:03:09,206 INFO  Starting application..  [MainApp]
2014-06-30 03:03:11,735 INFO  Application Started  [MainApp]
2014-06-30 03:03:19,481 INFO  Download and parse: 3101 ms - 'http://dulich.vnexpress.net/photo/anh-video/nhung-hon-dao-rieng-tu-nhat-chau-au-3006324.html'  [MainFrame]
2014-06-30 03:03:19,516 DEBUG onReceiveExtractionRequest  [WebBrowser]
2014-06-30 03:03:19,529 DEBUG onReceiveExtractionRequest  [WebBrowser]
2014-06-30 03:03:19,529 DEBUG onReceiveExtractionRequest  [WebBrowser]
2014-06-30 03:03:19,529 DEBUG onReceiveExtractionRequest  [WebBrowser]
2014-06-30 03:03:19,531 DEBUG onReceiveExtractionRequest  [WebBrowser]
2014-06-30 03:03:19,542 DEBUG onReceiveExtractionRequest  [WebBrowser]
2014-06-30 03:03:19,639 INFO  cleanUselessContent - 38 ms: http://dulich.vnexpress.net/photo/anh-video/nhung-hon-dao-rieng-tu-nhat-chau-au-3006324.html  [MainFrame]
2014-06-30 03:03:19,808 INFO  removeBoilerplate LangAware - 256 ms: http://dulich.vnexpress.net/photo/anh-video/nhung-hon-dao-rieng-tu-nhat-chau-au-3006324.html  [MainFrame]
2014-06-30 03:03:19,824 INFO  removeBoilerplate - 283 ms: http://dulich.vnexpress.net/photo/anh-video/nhung-hon-dao-rieng-tu-nhat-chau-au-3006324.html  [MainFrame]
2014-06-30 03:03:19,869 INFO  decorateBoilerplate - 325 ms: http://dulich.vnexpress.net/photo/anh-video/nhung-hon-dao-rieng-tu-nhat-chau-au-3006324.html  [MainFrame]
2014-06-30 03:03:19,889 INFO  decorateBoilerplate LangAware - 347 ms: http://dulich.vnexpress.net/photo/anh-video/nhung-hon-dao-rieng-tu-nhat-chau-au-3006324.html  [MainFrame]
